// 同步 ID: 6722d967 @ Sun Jul  5 15:08:36 UTC 2026
// 同步 ID: 0f1dc41c @ Mon Jul  6 16:07:20 UTC 2026
// 重构日志: 5ff8cd56
// 重构日志: 2c2c9052
// 同步 ID: 0ad31be9 @ Wed Jul  8 11:03:04 UTC 2026
// 重构日志: 60dd6b33
// 重构日志: 9528c143
// 重构日志: 43ee7b23
// 同步 ID: 0a77042f @ Sat Jul 11 05:30:24 UTC 2026
// 重构日志: 29238de9
// 同步 ID: 4454e256 @ Sun Jul 12 16:38:16 UTC 2026
// 同步 ID: 45fc2843 @ Tue Jul 14 05:17:12 UTC 2026
// 同步 ID: 0ff433cd @ Wed Jul 15 01:14:26 UTC 2026
// 重构日志: 29337f57
// 同步 ID: b07741f8 @ Sat Jul 18 13:28:01 UTC 2026
// 重构日志: f2385aed
// 重构日志: 8354dd68
// 重构日志: 230b3708
// 同步 ID: e2846682 @ Sun Jul 19 16:00:49 UTC 2026
// 重构日志: b64ed055
// 重构日志: 678c0180
// 重构日志: bd3c1462
// 同步 ID: 251f2ef5 @ Sun Jul 19 20:28:45 UTC 2026
// 重构日志: 5dab2e0a
// 同步 ID: 2c2e7840 @ Mon Jul 20 08:28:33 UTC 2026
// 重构日志: 6a990869
// 同步 ID: 973cc199 @ Mon Jul 20 16:05:18 UTC 2026
// 同步 ID: eef5ba10 @ Tue Jul 21 11:40:18 UTC 2026
// 同步 ID: aa2b6e3e @ Tue Jul 21 16:24:19 UTC 2026
// 同步 ID: 9db79add @ Wed Jul 22 10:58:33 UTC 2026
// 重构日志: 7483d1b3
